<!DOCTYPE HTML PUBLIC "-//W3C//DTD HTML 4.01//EN" "http://www.w3.org/TR/html4/strict.dtd">
<html>
<head>
<meta http-equiv="Content-Type" content="text/html; charset=utf-8"/>
<title>Test results - Class com.ressy.android.ApplicationTest</title>
<link href="css/base-style.css" rel="stylesheet" type="text/css"/>
<link href="css/style.css" rel="stylesheet" type="text/css"/>
<script src="js/report.js" type="text/javascript"></script>
</head>
<body>
<div id="content">
<h1>Class com.ressy.android.ApplicationTest</h1>
<div class="breadcrumbs">
<a href="index.html">all</a> &gt; 
<a href="com.ressy.android.html">com.ressy.android</a> &gt; ApplicationTest</div>
<div id="summary">
<table>
<tr>
<td>
<div class="summaryGroup">
<table>
<tr>
<td>
<div class="infoBox" id="tests">
<div class="counter">83</div>
<p>tests</p>
</div>
</td>
<td>
<div class="infoBox" id="failures">
<div class="counter">13</div>
<p>failures</p>
</div>
</td>
<td>
<div class="infoBox" id="duration">
<div class="counter">2h17m25.70s</div>
<p>duration</p>
</div>
</td>
</tr>
</table>
</div>
</td>
<td>
<div class="infoBox failures" id="successRate">
<div class="percent">84%</div>
<p>successful</p>
</div>
</td>
</tr>
</table>
</div>
<div id="tabs">
<ul class="tabLinks">
<li>
<a href="#tab0">Failed tests</a>
</li>
<li>
<a href="#tab1">Tests</a>
</li>
</ul>
<div id="tab0" class="tab">
<h2>Failed tests</h2>
<div class="test">
<a name="testIfTheCostForTwoPeopleIsWorkingInSorting"></a>
<h3 class="failures">testIfTheCostForTwoPeopleIsWorkingInSorting</h3>
<span class="code">
<pre>junit.framework.AssertionFailedError: Text string: 'Online' is not found!
at com.robotium.solo.Clicker.clickOnText(Clicker.java:451)
at com.robotium.solo.Solo.clickOnText(Solo.java:1502)
at com.ressy.android.ApplicationTest.testIfTheCostForTwoPeopleIsWorkingInSorting(ApplicationTest.java:2395)
at java.lang.reflect.Method.invokeNative(Native Method)
at android.test.InstrumentationTestCase.runMethod(InstrumentationTestCase.java:214)
at android.test.InstrumentationTestCase.runTest(InstrumentationTestCase.java:199)
at android.test.ActivityInstrumentationTestCase2.runTest(ActivityInstrumentationTestCase2.java:192)
at com.ressy.android.ApplicationTest.runTest(ApplicationTest.java:2808)
at android.test.AndroidTestRunner.runTest(AndroidTestRunner.java:191)
at android.test.AndroidTestRunner.runTest(AndroidTestRunner.java:176)
at android.test.InstrumentationTestRunner.onStart(InstrumentationTestRunner.java:554)
at android.app.Instrumentation$InstrumentationThread.run(Instrumentation.java:1701)
</pre>
</span>
</div>
<div class="test">
<a name="testIfWeCanTrasactUsingPaytmInAllSections"></a>
<h3 class="failures">testIfWeCanTrasactUsingPaytmInAllSections</h3>
<span class="code">
<pre>junit.framework.AssertionFailedError: WebElement with name: 'username' is not found!
at com.robotium.solo.Clicker.clickOnWebElement(Clicker.java:412)
at com.robotium.solo.Solo.typeTextInWebElement(Solo.java:2723)
at com.robotium.solo.Solo.typeTextInWebElement(Solo.java:2707)
at com.ressy.Utility.PaymentScreen.PayWithPaytm(PaymentScreen.java:22)
at com.ressy.android.ApplicationTest.testIfWeCanTrasactUsingPaytmInAllSections(ApplicationTest.java:700)
at java.lang.reflect.Method.invokeNative(Native Method)
at android.test.InstrumentationTestCase.runMethod(InstrumentationTestCase.java:214)
at android.test.InstrumentationTestCase.runTest(InstrumentationTestCase.java:199)
at android.test.ActivityInstrumentationTestCase2.runTest(ActivityInstrumentationTestCase2.java:192)
at com.ressy.android.ApplicationTest.runTest(ApplicationTest.java:2808)
at android.test.AndroidTestRunner.runTest(AndroidTestRunner.java:191)
at android.test.AndroidTestRunner.runTest(AndroidTestRunner.java:176)
at android.test.InstrumentationTestRunner.onStart(InstrumentationTestRunner.java:554)
at android.app.Instrumentation$InstrumentationThread.run(Instrumentation.java:1701)
</pre>
</span>
</div>
<div class="test">
<a name="testaIfTheNameAcceptsAlphanumericValues"></a>
<h3 class="failures">testaIfTheNameAcceptsAlphanumericValues</h3>
<span class="code">
<pre>junit.framework.AssertionFailedError: expected:&lt;true&gt; but was:&lt;false&gt;
at com.ressy.android.ApplicationTest.testaIfTheNameAcceptsAlphanumericValues(ApplicationTest.java:371)
at java.lang.reflect.Method.invokeNative(Native Method)
at android.test.InstrumentationTestCase.runMethod(InstrumentationTestCase.java:214)
at android.test.InstrumentationTestCase.runTest(InstrumentationTestCase.java:199)
at android.test.ActivityInstrumentationTestCase2.runTest(ActivityInstrumentationTestCase2.java:192)
at com.ressy.android.ApplicationTest.runTest(ApplicationTest.java:2808)
at android.test.AndroidTestRunner.runTest(AndroidTestRunner.java:191)
at android.test.AndroidTestRunner.runTest(AndroidTestRunner.java:176)
at android.test.InstrumentationTestRunner.onStart(InstrumentationTestRunner.java:554)
at android.app.Instrumentation$InstrumentationThread.run(Instrumentation.java:1701)
</pre>
</span>
</div>
<div class="test">
<a name="testaIfUpdateNotificationIsWorking"></a>
<h3 class="failures">testaIfUpdateNotificationIsWorking</h3>
<span class="code">
<pre>junit.framework.AssertionFailedError: expected:&lt;true&gt; but was:&lt;false&gt;
at com.ressy.android.ApplicationTest.testaIfUpdateNotificationIsWorking(ApplicationTest.java:88)
at java.lang.reflect.Method.invokeNative(Native Method)
at android.test.InstrumentationTestCase.runMethod(InstrumentationTestCase.java:214)
at android.test.InstrumentationTestCase.runTest(InstrumentationTestCase.java:199)
at android.test.ActivityInstrumentationTestCase2.runTest(ActivityInstrumentationTestCase2.java:192)
at com.ressy.android.ApplicationTest.runTest(ApplicationTest.java:2808)
at android.test.AndroidTestRunner.runTest(AndroidTestRunner.java:191)
at android.test.AndroidTestRunner.runTest(AndroidTestRunner.java:176)
at android.test.InstrumentationTestRunner.onStart(InstrumentationTestRunner.java:554)
at android.app.Instrumentation$InstrumentationThread.run(Instrumentation.java:1701)
</pre>
</span>
</div>
<div class="test">
<a name="testaZIfWeAdd91IsAdded"></a>
<h3 class="failures">testaZIfWeAdd91IsAdded</h3>
<span class="code">
<pre>junit.framework.AssertionFailedError: expected:&lt;true&gt; but was:&lt;false&gt;
at com.ressy.android.ApplicationTest.testaZIfWeAdd91IsAdded(ApplicationTest.java:507)
at java.lang.reflect.Method.invokeNative(Native Method)
at android.test.InstrumentationTestCase.runMethod(InstrumentationTestCase.java:214)
at android.test.InstrumentationTestCase.runTest(InstrumentationTestCase.java:199)
at android.test.ActivityInstrumentationTestCase2.runTest(ActivityInstrumentationTestCase2.java:192)
at com.ressy.android.ApplicationTest.runTest(ApplicationTest.java:2808)
at android.test.AndroidTestRunner.runTest(AndroidTestRunner.java:191)
at android.test.AndroidTestRunner.runTest(AndroidTestRunner.java:176)
at android.test.InstrumentationTestRunner.onStart(InstrumentationTestRunner.java:554)
at android.app.Instrumentation$InstrumentationThread.run(Instrumentation.java:1701)
</pre>
</span>
</div>
<div class="test">
<a name="testcIfInTheLoginScreenIfLoginWithGoogleIsWorking"></a>
<h3 class="failures">testcIfInTheLoginScreenIfLoginWithGoogleIsWorking</h3>
<span class="code">
<pre>junit.framework.AssertionFailedError: expected:&lt;true&gt; but was:&lt;false&gt;
at com.ressy.android.ApplicationTest.testcIfInTheLoginScreenIfLoginWithGoogleIsWorking(ApplicationTest.java:2642)
at java.lang.reflect.Method.invokeNative(Native Method)
at android.test.InstrumentationTestCase.runMethod(InstrumentationTestCase.java:214)
at android.test.InstrumentationTestCase.runTest(InstrumentationTestCase.java:199)
at android.test.ActivityInstrumentationTestCase2.runTest(ActivityInstrumentationTestCase2.java:192)
at com.ressy.android.ApplicationTest.runTest(ApplicationTest.java:2808)
at android.test.AndroidTestRunner.runTest(AndroidTestRunner.java:191)
at android.test.AndroidTestRunner.runTest(AndroidTestRunner.java:176)
at android.test.InstrumentationTestRunner.onStart(InstrumentationTestRunner.java:554)
at android.app.Instrumentation$InstrumentationThread.run(Instrumentation.java:1701)
</pre>
</span>
</div>
<div class="test">
<a name="testcIfTheBeveragesSortingOptionWorksOnAllTheTabs"></a>
<h3 class="failures">testcIfTheBeveragesSortingOptionWorksOnAllTheTabs</h3>
<span class="code">
<pre>junit.framework.AssertionFailedError: expected:&lt;true&gt; but was:&lt;Shows the food too.&gt;
at com.ressy.android.ApplicationTest.testcIfTheBeveragesSortingOptionWorksOnAllTheTabs(ApplicationTest.java:2342)
at java.lang.reflect.Method.invokeNative(Native Method)
at android.test.InstrumentationTestCase.runMethod(InstrumentationTestCase.java:214)
at android.test.InstrumentationTestCase.runTest(InstrumentationTestCase.java:199)
at android.test.ActivityInstrumentationTestCase2.runTest(ActivityInstrumentationTestCase2.java:192)
at com.ressy.android.ApplicationTest.runTest(ApplicationTest.java:2808)
at android.test.AndroidTestRunner.runTest(AndroidTestRunner.java:191)
at android.test.AndroidTestRunner.runTest(AndroidTestRunner.java:176)
at android.test.InstrumentationTestRunner.onStart(InstrumentationTestRunner.java:554)
at android.app.Instrumentation$InstrumentationThread.run(Instrumentation.java:1701)
</pre>
</span>
</div>
<div class="test">
<a name="testcIfTheFoodSortingOptionWorksOnAllTheTabs"></a>
<h3 class="failures">testcIfTheFoodSortingOptionWorksOnAllTheTabs</h3>
<span class="code">
<pre>junit.framework.AssertionFailedError: expected:&lt;true&gt; but was:&lt;Shows the beverage too.&gt;
at com.ressy.android.ApplicationTest.testcIfTheFoodSortingOptionWorksOnAllTheTabs(ApplicationTest.java:2335)
at java.lang.reflect.Method.invokeNative(Native Method)
at android.test.InstrumentationTestCase.runMethod(InstrumentationTestCase.java:214)
at android.test.InstrumentationTestCase.runTest(InstrumentationTestCase.java:199)
at android.test.ActivityInstrumentationTestCase2.runTest(ActivityInstrumentationTestCase2.java:192)
at com.ressy.android.ApplicationTest.runTest(ApplicationTest.java:2808)
at android.test.AndroidTestRunner.runTest(AndroidTestRunner.java:191)
at android.test.AndroidTestRunner.runTest(AndroidTestRunner.java:176)
at android.test.InstrumentationTestRunner.onStart(InstrumentationTestRunner.java:554)
at android.app.Instrumentation$InstrumentationThread.run(Instrumentation.java:1701)
</pre>
</span>
</div>
<div class="test">
<a name="testcIfTheMenuOptionIsWorkingInRestaurantDetailsScreen"></a>
<h3 class="failures">testcIfTheMenuOptionIsWorkingInRestaurantDetailsScreen</h3>
<span class="code">
<pre>junit.framework.AssertionFailedError: Click at (113.5, 73.0) can not be completed! (java.lang.SecurityException: Injecting to another application requires INJECT_EVENTS permission)
at com.robotium.solo.Clicker.clickOnScreen(Clicker.java:107)
at com.robotium.solo.Clicker.clickOnScreen(Clicker.java:206)
at com.robotium.solo.Clicker.clickOnScreen(Clicker.java:171)
at com.robotium.solo.Solo.clickOnView(Solo.java:1435)
at com.ressy.Utility.UtilityMethodsForAutomation.clickOnThisView(UtilityMethodsForAutomation.java:20)
at com.ressy.android.ApplicationTest.testcIfTheMenuOptionIsWorkingInRestaurantDetailsScreen(ApplicationTest.java:2029)
at java.lang.reflect.Method.invokeNative(Native Method)
at android.test.InstrumentationTestCase.runMethod(InstrumentationTestCase.java:214)
at android.test.InstrumentationTestCase.runTest(InstrumentationTestCase.java:199)
at android.test.ActivityInstrumentationTestCase2.runTest(ActivityInstrumentationTestCase2.java:192)
at com.ressy.android.ApplicationTest.runTest(ApplicationTest.java:2808)
at android.test.AndroidTestRunner.runTest(AndroidTestRunner.java:191)
at android.test.AndroidTestRunner.runTest(AndroidTestRunner.java:176)
at android.test.InstrumentationTestRunner.onStart(InstrumentationTestRunner.java:554)
at android.app.Instrumentation$InstrumentationThread.run(Instrumentation.java:1701)
</pre>
</span>
</div>
<div class="test">
<a name="testcIfTheOpeningHoursTextIsWorking"></a>
<h3 class="failures">testcIfTheOpeningHoursTextIsWorking</h3>
<span class="code">
<pre>junit.framework.AssertionFailedError: Click at (717.5, 39.0) can not be completed! (java.lang.SecurityException: Injecting to another application requires INJECT_EVENTS permission)
at com.robotium.solo.Clicker.clickOnScreen(Clicker.java:107)
at com.robotium.solo.Clicker.clickOnScreen(Clicker.java:206)
at com.robotium.solo.Clicker.clickOnScreen(Clicker.java:171)
at com.robotium.solo.Solo.clickOnView(Solo.java:1435)
at com.ressy.Utility.UtilityMethodsForAutomation.clickOnThisView(UtilityMethodsForAutomation.java:20)
at com.ressy.android.ApplicationTest.testcIfTheOpeningHoursTextIsWorking(ApplicationTest.java:2060)
at java.lang.reflect.Method.invokeNative(Native Method)
at android.test.InstrumentationTestCase.runMethod(InstrumentationTestCase.java:214)
at android.test.InstrumentationTestCase.runTest(InstrumentationTestCase.java:199)
at android.test.ActivityInstrumentationTestCase2.runTest(ActivityInstrumentationTestCase2.java:192)
at com.ressy.android.ApplicationTest.runTest(ApplicationTest.java:2808)
at android.test.AndroidTestRunner.runTest(AndroidTestRunner.java:191)
at android.test.AndroidTestRunner.runTest(AndroidTestRunner.java:176)
at android.test.InstrumentationTestRunner.onStart(InstrumentationTestRunner.java:554)
at android.app.Instrumentation$InstrumentationThread.run(Instrumentation.java:1701)
</pre>
</span>
</div>
<div class="test">
<a name="testcIfUserCanDeleteMorethanTwoCouponsInDelivery"></a>
<h3 class="failures">testcIfUserCanDeleteMorethanTwoCouponsInDelivery</h3>
<span class="code">
<pre>junit.framework.AssertionFailedError: expected:&lt;true&gt; but was:&lt;false&gt;
at com.ressy.android.ApplicationTest.testcIfUserCanDeleteMorethanTwoCouponsInDelivery(ApplicationTest.java:2251)
at java.lang.reflect.Method.invokeNative(Native Method)
at android.test.InstrumentationTestCase.runMethod(InstrumentationTestCase.java:214)
at android.test.InstrumentationTestCase.runTest(InstrumentationTestCase.java:199)
at android.test.ActivityInstrumentationTestCase2.runTest(ActivityInstrumentationTestCase2.java:192)
at com.ressy.android.ApplicationTest.runTest(ApplicationTest.java:2808)
at android.test.AndroidTestRunner.runTest(AndroidTestRunner.java:191)
at android.test.AndroidTestRunner.runTest(AndroidTestRunner.java:176)
at android.test.InstrumentationTestRunner.onStart(InstrumentationTestRunner.java:554)
at android.app.Instrumentation$InstrumentationThread.run(Instrumentation.java:1701)
</pre>
</span>
</div>
<div class="test">
<a name="testcIfUserCanDeleteMorethanTwoCouponsInDineIn"></a>
<h3 class="failures">testcIfUserCanDeleteMorethanTwoCouponsInDineIn</h3>
<span class="code">
<pre>junit.framework.AssertionFailedError: Text string: 'Avail Now' is not found!
at com.robotium.solo.Clicker.clickOnText(Clicker.java:451)
at com.robotium.solo.Solo.clickOnText(Solo.java:1502)
at com.ressy.testMethods.BuyCoupons.buyCouponFromThisCategory(BuyCoupons.java:23)
at com.ressy.android.ApplicationTest.testcIfUserCanDeleteMorethanTwoCouponsInDineIn(ApplicationTest.java:2213)
at java.lang.reflect.Method.invokeNative(Native Method)
at android.test.InstrumentationTestCase.runMethod(InstrumentationTestCase.java:214)
at android.test.InstrumentationTestCase.runTest(InstrumentationTestCase.java:199)
at android.test.ActivityInstrumentationTestCase2.runTest(ActivityInstrumentationTestCase2.java:192)
at com.ressy.android.ApplicationTest.runTest(ApplicationTest.java:2808)
at android.test.AndroidTestRunner.runTest(AndroidTestRunner.java:191)
at android.test.AndroidTestRunner.runTest(AndroidTestRunner.java:176)
at android.test.InstrumentationTestRunner.onStart(InstrumentationTestRunner.java:554)
at android.app.Instrumentation$InstrumentationThread.run(Instrumentation.java:1701)
</pre>
</span>
</div>
<div class="test">
<a name="testcIfUserCanDeleteMorethanTwoCouponsInTakeAway"></a>
<h3 class="failures">testcIfUserCanDeleteMorethanTwoCouponsInTakeAway</h3>
<span class="code">
<pre>junit.framework.AssertionFailedError: expected:&lt;true&gt; but was:&lt;false&gt;
at com.ressy.android.ApplicationTest.testcIfUserCanDeleteMorethanTwoCouponsInTakeAway(ApplicationTest.java:2288)
at java.lang.reflect.Method.invokeNative(Native Method)
at android.test.InstrumentationTestCase.runMethod(InstrumentationTestCase.java:214)
at android.test.InstrumentationTestCase.runTest(InstrumentationTestCase.java:199)
at android.test.ActivityInstrumentationTestCase2.runTest(ActivityInstrumentationTestCase2.java:192)
at com.ressy.android.ApplicationTest.runTest(ApplicationTest.java:2808)
at android.test.AndroidTestRunner.runTest(AndroidTestRunner.java:191)
at android.test.AndroidTestRunner.runTest(AndroidTestRunner.java:176)
at android.test.InstrumentationTestRunner.onStart(InstrumentationTestRunner.java:554)
at android.app.Instrumentation$InstrumentationThread.run(Instrumentation.java:1701)
</pre>
</span>
</div>
</div>
<div id="tab1" class="tab">
<h2>Tests</h2>
<table>
<thead>
<tr>
<th>Test</th>
<th>Google Nexus 5 - 4.4.4 - API 19 - 1080x1920 - 4.4.4</th>
</tr>
</thead>
<tr>
<td>testIfInTheForgotPasswordScreenIfTheEmailIdHasProperValidationInPlace</td>
<td class="success">passed (58.983s)</td>
</tr>
<tr>
<td>testIfTheCostForTwoPeopleIsWorkingInSorting</td>
<td class="failures">failed (3m15.11s)</td>
</tr>
<tr>
<td>testIfTheForgotPasswordLinkIsWorking</td>
<td class="success">passed (49.472s)</td>
</tr>
<tr>
<td>testIfTheSearchRestaurantWorks</td>
<td class="success">passed (47.235s)</td>
</tr>
<tr>
<td>testIfUserCanApplyDifferentCouponAndResultsAreAsPerRequirement</td>
<td class="success">passed (1m56.18s)</td>
</tr>
<tr>
<td>testIfUserCanChangeTheMobileNumberAndPhoneNumberFieldHasProperValidation</td>
<td class="success">passed (1m2.25s)</td>
</tr>
<tr>
<td>testIfWeCanTrasactUsingPaytmInAllSections</td>
<td class="failures">failed (1m56.57s)</td>
</tr>
<tr>
<td>testPopUpOptions</td>
<td class="success">passed (1m1.77s)</td>
</tr>
<tr>
<td>testaIfAfterOpeningTheAppWeGoToSkipScreenAndTheRequiredTextsAreVisibleAndWeCanClickOnSkipAndNextScreenWillNotShowUp</td>
<td class="success">passed (1m5.94s)</td>
</tr>
<tr>
<td>testaIfEmailIdIsValidated</td>
<td class="success">passed (47.381s)</td>
</tr>
<tr>
<td>testaIfInTheHomeScreenAllTheRequiredTextsAreVisibleInTheScreenAfterWeManuallySetTheLocation</td>
<td class="success">passed (1m19.93s)</td>
</tr>
<tr>
<td>testaIfInTheInitialScreensTheNextButtonAndBackButtonWorksProperly</td>
<td class="success">passed (1m19.36s)</td>
</tr>
<tr>
<td>testaIfInTheSignUpPageWeTryToSignUsingEmptyCredentials</td>
<td class="success">passed (46.614s)</td>
</tr>
<tr>
<td>testaIfTheEMailIdIsNull</td>
<td class="success">passed (46.313s)</td>
</tr>
<tr>
<td>testaIfTheLocationIsDisableCanWeRoamAroundInTheAppWithoutItGettingCrashes</td>
<td class="success">passed (4m2.59s)</td>
</tr>
<tr>
<td>testaIfTheNameAcceptsAbsoluteSpecialCharacters</td>
<td class="success">passed (45.607s)</td>
</tr>
<tr>
<td>testaIfTheNameAcceptsAlphanumericValues</td>
<td class="failures">failed (50.260s)</td>
</tr>
<tr>
<td>testaIfTheNameAcceptsWhiteSpaces</td>
<td class="success">passed (47.777s)</td>
</tr>
<tr>
<td>testaIfTheNameDoesNotAcceptsNullValues</td>
<td class="success">passed (44.235s)</td>
</tr>
<tr>
<td>testaIfThePasswordHasLessThan8Chars</td>
<td class="success">passed (48.705s)</td>
</tr>
<tr>
<td>testaIfThePasswordIsNull</td>
<td class="success">passed (48.133s)</td>
</tr>
<tr>
<td>testaIfThePhoneNumberContainsWhiteSpaces</td>
<td class="success">passed (46.198s)</td>
</tr>
<tr>
<td>testaIfThePhoneNumberIsHavingLessThan10Digits</td>
<td class="success">passed (49.419s)</td>
</tr>
<tr>
<td>testaIfThePhoneNumberIsHavingMoreThan10Digits</td>
<td class="success">passed (46.428s)</td>
</tr>
<tr>
<td>testaIfThePhoneNumberIsNull</td>
<td class="success">passed (46.177s)</td>
</tr>
<tr>
<td>testaIfTheSignUpLinkWorks</td>
<td class="success">passed (48.049s)</td>
</tr>
<tr>
<td>testaIfUpdateNotificationIsWorking</td>
<td class="failures">failed (1m2.26s)</td>
</tr>
<tr>
<td>testaIfWeCanPressHomeScreen</td>
<td class="success">passed (43.986s)</td>
</tr>
<tr>
<td>testaIfWeCanSignUpUsingGoogle</td>
<td class="success">passed (1m15.81s)</td>
</tr>
<tr>
<td>testaIfWeGiveASpaceBeforeTheEmailItAcceptsOrNot</td>
<td class="success">passed (49.115s)</td>
</tr>
<tr>
<td>testaThatWhenTheLocationIsTurnedOffAppRedirectsUsToTheLocationOrNotCheckThePopUpScreenToo</td>
<td class="success">passed (1m6.11s)</td>
</tr>
<tr>
<td>testaWhatHappensWhenWeClickOnMapsScreenWhenTheInternetIsNotAvailable</td>
<td class="success">passed (1m45.31s)</td>
</tr>
<tr>
<td>testaZIfWeAdd91IsAdded</td>
<td class="failures">failed (54.249s)</td>
</tr>
<tr>
<td>testbIfInTheEditProfileScreenIfConfirmPasswordCanBeLessThanEightDigitsAndPasswordIsLessThanEightDigits</td>
<td class="success">passed (51.849s)</td>
</tr>
<tr>
<td>testbIfInTheEditProfileScreenIfPasswordFieldAcceptsLessThanEightCharacters</td>
<td class="success">passed (55.412s)</td>
</tr>
<tr>
<td>testbIfInTheEditProfileScreenIfTheScreenIfPasswordAndConfirmPasswordsDoNotMatch</td>
<td class="success">passed (51.770s)</td>
</tr>
<tr>
<td>testbIfInTheEditProfileScreenIfTheScreenIfThePasswordFieldsAcceptWhiteSpaces</td>
<td class="success">passed (54.855s)</td>
</tr>
<tr>
<td>testbIfInTheFeedbackFormIfTheValidationForIPaidInCashIsAdded</td>
<td class="success">passed (2m1.07s)</td>
</tr>
<tr>
<td>testbIfInTheFeedbackFormIfTheValidationForMyValidationIsNotListed</td>
<td class="success">passed (1m48.03s)</td>
</tr>
<tr>
<td>testbIfInTheMenuDropDownIfContactUsLinkIsWorkingWhenTheUserIsNotLoggedIn</td>
<td class="success">passed (52.976s)</td>
</tr>
<tr>
<td>testbIfTheCouponListPageIsDisplayingTheRequiredDetailsScreenProperlyForDeliveryDialogue</td>
<td class="success">passed (5m18.18s)</td>
</tr>
<tr>
<td>testbIfTheCouponListPageIsDisplayingTheRequiredDetailsScreenProperlyForDineInDialogue</td>
<td class="success">passed (4m9.90s)</td>
</tr>
<tr>
<td>testbIfTheCouponListPageIsDisplayingTheRequiredDetailsScreenProperlyForTakeAwayDialogue</td>
<td class="success">passed (6m8.04s)</td>
</tr>
<tr>
<td>testbIfTheDeliveryInCouponHasRequiredDetailsPresentInTheScreen</td>
<td class="success">passed (3m3.51s)</td>
</tr>
<tr>
<td>testbIfTheDineInCouponHasRequiredDetailsPresentInTheScreen</td>
<td class="success">passed (2m4.11s)</td>
</tr>
<tr>
<td>testbIfTheEditButtonInProfileIsWorking</td>
<td class="success">passed (1m0.87s)</td>
</tr>
<tr>
<td>testbIfTheInactiveDealsTextAreBeingShownInDeliveryTab</td>
<td class="success">passed (1m55.23s)</td>
</tr>
<tr>
<td>testbIfTheInactiveDealsTextAreBeingShownInDineInTab</td>
<td class="success">passed (2m15.01s)</td>
</tr>
<tr>
<td>testbIfTheInactiveDealsTextAreBeingShownInTakeAwayTab</td>
<td class="success">passed (5m1.35s)</td>
</tr>
<tr>
<td>testbIfTheNormalSignUpAndLoginWorks</td>
<td class="success">passed (1m7.42s)</td>
</tr>
<tr>
<td>testbIfTheProfileSceenIsAsPerDesignAndUsersNameAndEmailAndHisNameIsVisibleInTheScreen</td>
<td class="success">passed (1m28.34s)</td>
</tr>
<tr>
<td>testbIfTheTakeAwayInCouponHasRequiredDetailsPresentInTheScreen</td>
<td class="success">passed (3m21.73s)</td>
</tr>
<tr>
<td>testbIfWeCanChangeThePasswordAndProperValidationIsPutinPlace</td>
<td class="success">passed (1m32.09s)</td>
</tr>
<tr>
<td>testbbIfTheInactiveDealsTextAreBeingShownInPromotionalDeliveryTab</td>
<td class="success">passed (3m10.23s)</td>
</tr>
<tr>
<td>testbbIfTheInactiveDealsTextAreBeingShownInPromotionalDineInTab</td>
<td class="success">passed (1m29.61s)</td>
</tr>
<tr>
<td>testbbIfTheInactiveDealsTextAreBeingShownInPromotionalTakeAwayTab</td>
<td class="success">passed (4m35.60s)</td>
</tr>
<tr>
<td>testcIfInTheLoginScreenIfFacebookIsWorkingInThisPage</td>
<td class="success">passed (1m36.55s)</td>
</tr>
<tr>
<td>testcIfInTheLoginScreenIfLoginWithGoogleIsWorking</td>
<td class="failures">failed (1m16.40s)</td>
</tr>
<tr>
<td>testcIfInTheLoginScreenIfTheLoginCredentialsAreWrong</td>
<td class="success">passed (41.420s)</td>
</tr>
<tr>
<td>testcIfInTheLoginScreenIfUserFillsInvalidEmailID</td>
<td class="success">passed (51.260s)</td>
</tr>
<tr>
<td>testcIfInTheLoginScreenIfUserFillsNoPasswordAndHeTriesToLogin</td>
<td class="success">passed (43.078s)</td>
</tr>
<tr>
<td>testcIfInTheLoginScreenIfUserFillsPasswordWhichIsLessThanEightDigits</td>
<td class="success">passed (39.770s)</td>
</tr>
<tr>
<td>testcIfInTheLoginScreenIfUserFillsThePasswordWithSpecialCharactersAndhisPhoneNumberIsNotVerified</td>
<td class="success">passed (41.587s)</td>
</tr>
<tr>
<td>testcIfInTheLoginScreenIfWePutWhiteSpacesAfterEmailID</td>
<td class="success">passed (40.536s)</td>
</tr>
<tr>
<td>testcIfInTheLoginScreenIfWePutWhiteSpacesBeforeTheEmailId</td>
<td class="success">passed (44.892s)</td>
</tr>
<tr>
<td>testcIfTheBeveragesSortingOptionWorksOnAllTheTabs</td>
<td class="failures">failed (1m0.05s)</td>
</tr>
<tr>
<td>testcIfTheCostForTwoOptionIsWorking</td>
<td class="success">passed (51.555s)</td>
</tr>
<tr>
<td>testcIfTheFacebookIsWorkingOnSignUpScreen</td>
<td class="success">passed (1m19.92s)</td>
</tr>
<tr>
<td>testcIfTheFavouriteWorksForDineInForDeliveryAndForTakeaway</td>
<td class="success">passed (4m0.87s)</td>
</tr>
<tr>
<td>testcIfTheFeaturesSortingWWorks</td>
<td class="success">passed (2m37.88s)</td>
</tr>
<tr>
<td>testcIfTheFoodAndBeveragesOptionWorksOnAllTheTabs</td>
<td class="success">passed (1m43.23s)</td>
</tr>
<tr>
<td>testcIfTheFoodSortingOptionWorksOnAllTheTabs</td>
<td class="failures">failed (59.545s)</td>
</tr>
<tr>
<td>testcIfTheMenuOptionIsWorkingInRestaurantDetailsScreen</td>
<td class="failures">failed (1m10.90s)</td>
</tr>
<tr>
<td>testcIfTheOpeningHoursTextIsWorking</td>
<td class="failures">failed (1m10.79s)</td>
</tr>
<tr>
<td>testcIfThePopularCuisineOptionWorksAndAllTheRequiredTextsAreVisible</td>
<td class="success">passed (5m21.14s)</td>
</tr>
<tr>
<td>testcIfTheReviewFeatureIsWorkingProperlyInTheRestaurantDetailsSCreen</td>
<td class="success">passed (1m48.18s)</td>
</tr>
<tr>
<td>testcIfUserCanBuyMoreThanOneCouponInDelivery</td>
<td class="success">passed (1m57.74s)</td>
</tr>
<tr>
<td>testcIfUserCanBuyMoreThanOneCouponInDineIn</td>
<td class="success">passed (1m28.46s)</td>
</tr>
<tr>
<td>testcIfUserCanBuyMoreThanOneCouponInTakeAway</td>
<td class="success">passed (2m10.11s)</td>
</tr>
<tr>
<td>testcIfUserCanDeleteMorethanTwoCouponsInDelivery</td>
<td class="failures">failed (1m55.90s)</td>
</tr>
<tr>
<td>testcIfUserCanDeleteMorethanTwoCouponsInDineIn</td>
<td class="failures">failed (2m23.22s)</td>
</tr>
<tr>
<td>testcIfUserCanDeleteMorethanTwoCouponsInTakeAway</td>
<td class="failures">failed (2m10.86s)</td>
</tr>
<tr>
<td>testcIfWeCanSignUpWithTheSameEmailIdAgain</td>
<td class="success">passed (1m9.17s)</td>
</tr>
</table>
</div>
</div>
<div id="footer">
<p>Generated by 
<a href="http://www.gradle.org">Gradle 2.2</a> at 9 May, 2016 1:45:08 PM</p>
</div>
</div>
</body>